23-Jan-2018 13:24:14.866 INFO [main] org.apache.catalina.core.ApplicationContext.log ContextListener: contextInitialized()
23-Jan-2018 13:24:14.866 INFO [main] org.apache.catalina.core.ApplicationContext.log SessionListener: contextInitialized()
23-Jan-2018 13:27:40.513 INFO [main] org.apache.catalina.core.ApplicationContext.log ContextListener: contextInitialized()
23-Jan-2018 13:27:40.514 INFO [main] org.apache.catalina.core.ApplicationContext.log SessionListener: contextInitialized()
23-Jan-2018 13:29:19.697 SEVERE [http-nio-8080-exec-6] org.apache.catalina.core.StandardWrapperValve.invoke Servlet.service() for servlet [jsp] in context with path [] threw exception [An exception occurred processing [/GetComparisonTable.jsp] at line [77]

74:                                             dataInLineOverallBaseline        = lineOverallBaseline.split(",");
75:                                             overallSampleBaseline            = dataInLineOverallBaseline[1];
76:                                             overallResponseTimeBaseline      = String.format("%.03f", Float.parseFloat(dataInLineOverallBaseline[2])/1000);
77:                                             overallErrorBaseline      = String.format("%.02f", Float.parseFloat(dataInLineOverallBaseline[7])*100)+"%";
78:                                      }
79:                                      else
80:                                        continue;


Stacktrace:] with root cause
 java.lang.NumberFormatException: For input string: "0.04%"
	at sun.misc.FloatingDecimal.readJavaFormatString(FloatingDecimal.java:2043)
	at sun.misc.FloatingDecimal.parseFloat(FloatingDecimal.java:122)
	at java.lang.Float.parseFloat(Float.java:451)
	at org.apache.jsp.GetComparisonTable_jsp._jspService(GetComparisonTable_jsp.java:195)
	at org.apache.jasper.runtime.HttpJspBase.service(HttpJspBase.java:70)
	at javax.servlet.http.HttpServlet.service(HttpServlet.java:741)
	at org.apache.jasper.servlet.JspServletWrapper.service(JspServletWrapper.java:444)
	at org.apache.jasper.servlet.JspServlet.serviceJspFile(JspServlet.java:386)
	at org.apache.jasper.servlet.JspServlet.service(JspServlet.java:330)
	at javax.servlet.http.HttpServlet.service(HttpServlet.java:741)
	at org.apache.catalina.core.ApplicationFilterChain.internalDoFilter(ApplicationFilterChain.java:231)
	at org.apache.catalina.core.ApplicationFilterChain.doFilter(ApplicationFilterChain.java:166)
	at org.apache.tomcat.websocket.server.WsFilter.doFilter(WsFilter.java:53)
	at org.apache.catalina.core.ApplicationFilterChain.internalDoFilter(ApplicationFilterChain.java:193)
	at org.apache.catalina.core.ApplicationFilterChain.doFilter(ApplicationFilterChain.java:166)
	at org.apache.catalina.core.StandardWrapperValve.invoke(StandardWrapperValve.java:199)
	at org.apache.catalina.core.StandardContextValve.invoke(StandardContextValve.java:96)
	at org.apache.catalina.core.StandardHostValve.invoke(StandardHostValve.java:140)
	at org.apache.catalina.valves.ErrorReportValve.invoke(ErrorReportValve.java:81)
	at org.apache.catalina.valves.AbstractAccessLogValve.invoke(AbstractAccessLogValve.java:651)
	at org.apache.catalina.core.StandardEngineValve.invoke(StandardEngineValve.java:87)
	at org.apache.catalina.connector.CoyoteAdapter.service(CoyoteAdapter.java:342)
	at org.apache.coyote.http11.Http11Processor.service(Http11Processor.java:501)
	at org.apache.coyote.AbstractProcessorLight.process(AbstractProcessorLight.java:66)
	at org.apache.coyote.AbstractProtocol$ConnectionHandler.process(AbstractProtocol.java:754)
	at org.apache.tomcat.util.net.NioEndpoint$SocketProcessor.doRun(NioEndpoint.java:1376)
	at org.apache.tomcat.util.net.SocketProcessorBase.run(SocketProcessorBase.java:49)
	at java.util.concurrent.ThreadPoolExecutor.runWorker(ThreadPoolExecutor.java:1142)
	at java.util.concurrent.ThreadPoolExecutor$Worker.run(ThreadPoolExecutor.java:617)
	at org.apache.tomcat.util.threads.TaskThread$WrappingRunnable.run(TaskThread.java:61)
	at java.lang.Thread.run(Thread.java:745)

23-Jan-2018 13:29:21.351 SEVERE [http-nio-8080-exec-9] org.apache.catalina.core.StandardWrapperValve.invoke Servlet.service() for servlet [jsp] in context with path [] threw exception [An exception occurred processing [/GetComparisonTable.jsp] at line [164]

161:                                             dataInLineOverallBaseline        = lineOverallBaseline.split(",");
162:                                             overallSampleBaseline            = dataInLineOverallBaseline[1];
163:                                             overallResponseTimeBaseline      = String.format("%.03f", Float.parseFloat(dataInLineOverallBaseline[2])/1000);
164:                                             overallErrorBaseline      = String.format("%.02f", Float.parseFloat(dataInLineOverallBaseline[7])*100)+"%";
165:                                      }
166:                                      else
167:                                        continue;


Stacktrace:] with root cause
 java.lang.NumberFormatException: For input string: "0.04%"
	at sun.misc.FloatingDecimal.readJavaFormatString(FloatingDecimal.java:2043)
	at sun.misc.FloatingDecimal.parseFloat(FloatingDecimal.java:122)
	at java.lang.Float.parseFloat(Float.java:451)
	at org.apache.jsp.GetComparisonTable_jsp._jspService(GetComparisonTable_jsp.java:318)
	at org.apache.jasper.runtime.HttpJspBase.service(HttpJspBase.java:70)
	at javax.servlet.http.HttpServlet.service(HttpServlet.java:741)
	at org.apache.jasper.servlet.JspServletWrapper.service(JspServletWrapper.java:444)
	at org.apache.jasper.servlet.JspServlet.serviceJspFile(JspServlet.java:386)
	at org.apache.jasper.servlet.JspServlet.service(JspServlet.java:330)
	at javax.servlet.http.HttpServlet.service(HttpServlet.java:741)
	at org.apache.catalina.core.ApplicationFilterChain.internalDoFilter(ApplicationFilterChain.java:231)
	at org.apache.catalina.core.ApplicationFilterChain.doFilter(ApplicationFilterChain.java:166)
	at org.apache.tomcat.websocket.server.WsFilter.doFilter(WsFilter.java:53)
	at org.apache.catalina.core.ApplicationFilterChain.internalDoFilter(ApplicationFilterChain.java:193)
	at org.apache.catalina.core.ApplicationFilterChain.doFilter(ApplicationFilterChain.java:166)
	at org.apache.catalina.core.StandardWrapperValve.invoke(StandardWrapperValve.java:199)
	at org.apache.catalina.core.StandardContextValve.invoke(StandardContextValve.java:96)
	at org.apache.catalina.core.StandardHostValve.invoke(StandardHostValve.java:140)
	at org.apache.catalina.valves.ErrorReportValve.invoke(ErrorReportValve.java:81)
	at org.apache.catalina.valves.AbstractAccessLogValve.invoke(AbstractAccessLogValve.java:651)
	at org.apache.catalina.core.StandardEngineValve.invoke(StandardEngineValve.java:87)
	at org.apache.catalina.connector.CoyoteAdapter.service(CoyoteAdapter.java:342)
	at org.apache.coyote.http11.Http11Processor.service(Http11Processor.java:501)
	at org.apache.coyote.AbstractProcessorLight.process(AbstractProcessorLight.java:66)
	at org.apache.coyote.AbstractProtocol$ConnectionHandler.process(AbstractProtocol.java:754)
	at org.apache.tomcat.util.net.NioEndpoint$SocketProcessor.doRun(NioEndpoint.java:1376)
	at org.apache.tomcat.util.net.SocketProcessorBase.run(SocketProcessorBase.java:49)
	at java.util.concurrent.ThreadPoolExecutor.runWorker(ThreadPoolExecutor.java:1142)
	at java.util.concurrent.ThreadPoolExecutor$Worker.run(ThreadPoolExecutor.java:617)
	at org.apache.tomcat.util.threads.TaskThread$WrappingRunnable.run(TaskThread.java:61)
	at java.lang.Thread.run(Thread.java:745)

23-Jan-2018 13:29:23.297 SEVERE [http-nio-8080-exec-10] org.apache.catalina.core.StandardWrapperValve.invoke Servlet.service() for servlet [jsp] in context with path [] threw exception [An exception occurred processing [/GetComparisonTable.jsp] at line [77]

74:                                             dataInLineOverallBaseline        = lineOverallBaseline.split(",");
75:                                             overallSampleBaseline            = dataInLineOverallBaseline[1];
76:                                             overallResponseTimeBaseline      = String.format("%.03f", Float.parseFloat(dataInLineOverallBaseline[2])/1000);
77:                                             overallErrorBaseline      = String.format("%.02f", Float.parseFloat(dataInLineOverallBaseline[7])*100)+"%";
78:                                      }
79:                                      else
80:                                        continue;


Stacktrace:] with root cause
 java.lang.NumberFormatException: For input string: "0.04%"
	at sun.misc.FloatingDecimal.readJavaFormatString(FloatingDecimal.java:2043)
	at sun.misc.FloatingDecimal.parseFloat(FloatingDecimal.java:122)
	at java.lang.Float.parseFloat(Float.java:451)
	at org.apache.jsp.GetComparisonTable_jsp._jspService(GetComparisonTable_jsp.java:195)
	at org.apache.jasper.runtime.HttpJspBase.service(HttpJspBase.java:70)
	at javax.servlet.http.HttpServlet.service(HttpServlet.java:741)
	at org.apache.jasper.servlet.JspServletWrapper.service(JspServletWrapper.java:444)
	at org.apache.jasper.servlet.JspServlet.serviceJspFile(JspServlet.java:386)
	at org.apache.jasper.servlet.JspServlet.service(JspServlet.java:330)
	at javax.servlet.http.HttpServlet.service(HttpServlet.java:741)
	at org.apache.catalina.core.ApplicationFilterChain.internalDoFilter(ApplicationFilterChain.java:231)
	at org.apache.catalina.core.ApplicationFilterChain.doFilter(ApplicationFilterChain.java:166)
	at org.apache.tomcat.websocket.server.WsFilter.doFilter(WsFilter.java:53)
	at org.apache.catalina.core.ApplicationFilterChain.internalDoFilter(ApplicationFilterChain.java:193)
	at org.apache.catalina.core.ApplicationFilterChain.doFilter(ApplicationFilterChain.java:166)
	at org.apache.catalina.core.StandardWrapperValve.invoke(StandardWrapperValve.java:199)
	at org.apache.catalina.core.StandardContextValve.invoke(StandardContextValve.java:96)
	at org.apache.catalina.core.StandardHostValve.invoke(StandardHostValve.java:140)
	at org.apache.catalina.valves.ErrorReportValve.invoke(ErrorReportValve.java:81)
	at org.apache.catalina.valves.AbstractAccessLogValve.invoke(AbstractAccessLogValve.java:651)
	at org.apache.catalina.core.StandardEngineValve.invoke(StandardEngineValve.java:87)
	at org.apache.catalina.connector.CoyoteAdapter.service(CoyoteAdapter.java:342)
	at org.apache.coyote.http11.Http11Processor.service(Http11Processor.java:501)
	at org.apache.coyote.AbstractProcessorLight.process(AbstractProcessorLight.java:66)
	at org.apache.coyote.AbstractProtocol$ConnectionHandler.process(AbstractProtocol.java:754)
	at org.apache.tomcat.util.net.NioEndpoint$SocketProcessor.doRun(NioEndpoint.java:1376)
	at org.apache.tomcat.util.net.SocketProcessorBase.run(SocketProcessorBase.java:49)
	at java.util.concurrent.ThreadPoolExecutor.runWorker(ThreadPoolExecutor.java:1142)
	at java.util.concurrent.ThreadPoolExecutor$Worker.run(ThreadPoolExecutor.java:617)
	at org.apache.tomcat.util.threads.TaskThread$WrappingRunnable.run(TaskThread.java:61)
	at java.lang.Thread.run(Thread.java:745)

23-Jan-2018 13:29:24.632 SEVERE [http-nio-8080-exec-2] org.apache.catalina.core.StandardWrapperValve.invoke Servlet.service() for servlet [jsp] in context with path [] threw exception [An exception occurred processing [/GetComparisonTable.jsp] at line [164]

161:                                             dataInLineOverallBaseline        = lineOverallBaseline.split(",");
162:                                             overallSampleBaseline            = dataInLineOverallBaseline[1];
163:                                             overallResponseTimeBaseline      = String.format("%.03f", Float.parseFloat(dataInLineOverallBaseline[2])/1000);
164:                                             overallErrorBaseline      = String.format("%.02f", Float.parseFloat(dataInLineOverallBaseline[7])*100)+"%";
165:                                      }
166:                                      else
167:                                        continue;


Stacktrace:] with root cause
 java.lang.NumberFormatException: For input string: "0.04%"
	at sun.misc.FloatingDecimal.readJavaFormatString(FloatingDecimal.java:2043)
	at sun.misc.FloatingDecimal.parseFloat(FloatingDecimal.java:122)
	at java.lang.Float.parseFloat(Float.java:451)
	at org.apache.jsp.GetComparisonTable_jsp._jspService(GetComparisonTable_jsp.java:318)
	at org.apache.jasper.runtime.HttpJspBase.service(HttpJspBase.java:70)
	at javax.servlet.http.HttpServlet.service(HttpServlet.java:741)
	at org.apache.jasper.servlet.JspServletWrapper.service(JspServletWrapper.java:444)
	at org.apache.jasper.servlet.JspServlet.serviceJspFile(JspServlet.java:386)
	at org.apache.jasper.servlet.JspServlet.service(JspServlet.java:330)
	at javax.servlet.http.HttpServlet.service(HttpServlet.java:741)
	at org.apache.catalina.core.ApplicationFilterChain.internalDoFilter(ApplicationFilterChain.java:231)
	at org.apache.catalina.core.ApplicationFilterChain.doFilter(ApplicationFilterChain.java:166)
	at org.apache.tomcat.websocket.server.WsFilter.doFilter(WsFilter.java:53)
	at org.apache.catalina.core.ApplicationFilterChain.internalDoFilter(ApplicationFilterChain.java:193)
	at org.apache.catalina.core.ApplicationFilterChain.doFilter(ApplicationFilterChain.java:166)
	at org.apache.catalina.core.StandardWrapperValve.invoke(StandardWrapperValve.java:199)
	at org.apache.catalina.core.StandardContextValve.invoke(StandardContextValve.java:96)
	at org.apache.catalina.core.StandardHostValve.invoke(StandardHostValve.java:140)
	at org.apache.catalina.valves.ErrorReportValve.invoke(ErrorReportValve.java:81)
	at org.apache.catalina.valves.AbstractAccessLogValve.invoke(AbstractAccessLogValve.java:651)
	at org.apache.catalina.core.StandardEngineValve.invoke(StandardEngineValve.java:87)
	at org.apache.catalina.connector.CoyoteAdapter.service(CoyoteAdapter.java:342)
	at org.apache.coyote.http11.Http11Processor.service(Http11Processor.java:501)
	at org.apache.coyote.AbstractProcessorLight.process(AbstractProcessorLight.java:66)
	at org.apache.coyote.AbstractProtocol$ConnectionHandler.process(AbstractProtocol.java:754)
	at org.apache.tomcat.util.net.NioEndpoint$SocketProcessor.doRun(NioEndpoint.java:1376)
	at org.apache.tomcat.util.net.SocketProcessorBase.run(SocketProcessorBase.java:49)
	at java.util.concurrent.ThreadPoolExecutor.runWorker(ThreadPoolExecutor.java:1142)
	at java.util.concurrent.ThreadPoolExecutor$Worker.run(ThreadPoolExecutor.java:617)
	at org.apache.tomcat.util.threads.TaskThread$WrappingRunnable.run(TaskThread.java:61)
	at java.lang.Thread.run(Thread.java:745)

23-Jan-2018 13:33:36.871 SEVERE [http-nio-8080-exec-4] org.apache.catalina.core.StandardWrapperValve.invoke Servlet.service() for servlet [jsp] in context with path [] threw exception [An exception occurred processing [/GetComparisonTable.jsp] at line [77]

74:                                             dataInLineOverallBaseline        = lineOverallBaseline.split(",");
75:                                             overallSampleBaseline            = dataInLineOverallBaseline[1];
76:                                             overallResponseTimeBaseline      = String.format("%.03f", Float.parseFloat(dataInLineOverallBaseline[2])/1000);
77:                                             overallErrorBaseline      = String.format("%.02f", Float.parseFloat(dataInLineOverallBaseline[7])*100)+"%";
78:                                      }
79:                                      else
80:                                        continue;


Stacktrace:] with root cause
 java.lang.NumberFormatException: For input string: "0.04%"
	at sun.misc.FloatingDecimal.readJavaFormatString(FloatingDecimal.java:2043)
	at sun.misc.FloatingDecimal.parseFloat(FloatingDecimal.java:122)
	at java.lang.Float.parseFloat(Float.java:451)
	at org.apache.jsp.GetComparisonTable_jsp._jspService(GetComparisonTable_jsp.java:195)
	at org.apache.jasper.runtime.HttpJspBase.service(HttpJspBase.java:70)
	at javax.servlet.http.HttpServlet.service(HttpServlet.java:741)
	at org.apache.jasper.servlet.JspServletWrapper.service(JspServletWrapper.java:444)
	at org.apache.jasper.servlet.JspServlet.serviceJspFile(JspServlet.java:386)
	at org.apache.jasper.servlet.JspServlet.service(JspServlet.java:330)
	at javax.servlet.http.HttpServlet.service(HttpServlet.java:741)
	at org.apache.catalina.core.ApplicationFilterChain.internalDoFilter(ApplicationFilterChain.java:231)
	at org.apache.catalina.core.ApplicationFilterChain.doFilter(ApplicationFilterChain.java:166)
	at org.apache.tomcat.websocket.server.WsFilter.doFilter(WsFilter.java:53)
	at org.apache.catalina.core.ApplicationFilterChain.internalDoFilter(ApplicationFilterChain.java:193)
	at org.apache.catalina.core.ApplicationFilterChain.doFilter(ApplicationFilterChain.java:166)
	at org.apache.catalina.core.StandardWrapperValve.invoke(StandardWrapperValve.java:199)
	at org.apache.catalina.core.StandardContextValve.invoke(StandardContextValve.java:96)
	at org.apache.catalina.core.StandardHostValve.invoke(StandardHostValve.java:140)
	at org.apache.catalina.valves.ErrorReportValve.invoke(ErrorReportValve.java:81)
	at org.apache.catalina.valves.AbstractAccessLogValve.invoke(AbstractAccessLogValve.java:651)
	at org.apache.catalina.core.StandardEngineValve.invoke(StandardEngineValve.java:87)
	at org.apache.catalina.connector.CoyoteAdapter.service(CoyoteAdapter.java:342)
	at org.apache.coyote.http11.Http11Processor.service(Http11Processor.java:501)
	at org.apache.coyote.AbstractProcessorLight.process(AbstractProcessorLight.java:66)
	at org.apache.coyote.AbstractProtocol$ConnectionHandler.process(AbstractProtocol.java:754)
	at org.apache.tomcat.util.net.NioEndpoint$SocketProcessor.doRun(NioEndpoint.java:1376)
	at org.apache.tomcat.util.net.SocketProcessorBase.run(SocketProcessorBase.java:49)
	at java.util.concurrent.ThreadPoolExecutor.runWorker(ThreadPoolExecutor.java:1142)
	at java.util.concurrent.ThreadPoolExecutor$Worker.run(ThreadPoolExecutor.java:617)
	at org.apache.tomcat.util.threads.TaskThread$WrappingRunnable.run(TaskThread.java:61)
	at java.lang.Thread.run(Thread.java:745)

23-Jan-2018 13:33:37.670 SEVERE [http-nio-8080-exec-6] org.apache.catalina.core.StandardWrapperValve.invoke Servlet.service() for servlet [jsp] in context with path [] threw exception [An exception occurred processing [/GetComparisonTable.jsp] at line [164]

161:                                             dataInLineOverallBaseline        = lineOverallBaseline.split(",");
162:                                             overallSampleBaseline            = dataInLineOverallBaseline[1];
163:                                             overallResponseTimeBaseline      = String.format("%.03f", Float.parseFloat(dataInLineOverallBaseline[2])/1000);
164:                                             overallErrorBaseline      = String.format("%.02f", Float.parseFloat(dataInLineOverallBaseline[7])*100)+"%";
165:                                      }
166:                                      else
167:                                        continue;


Stacktrace:] with root cause
 java.lang.NumberFormatException: For input string: "0.04%"
	at sun.misc.FloatingDecimal.readJavaFormatString(FloatingDecimal.java:2043)
	at sun.misc.FloatingDecimal.parseFloat(FloatingDecimal.java:122)
	at java.lang.Float.parseFloat(Float.java:451)
	at org.apache.jsp.GetComparisonTable_jsp._jspService(GetComparisonTable_jsp.java:318)
	at org.apache.jasper.runtime.HttpJspBase.service(HttpJspBase.java:70)
	at javax.servlet.http.HttpServlet.service(HttpServlet.java:741)
	at org.apache.jasper.servlet.JspServletWrapper.service(JspServletWrapper.java:444)
	at org.apache.jasper.servlet.JspServlet.serviceJspFile(JspServlet.java:386)
	at org.apache.jasper.servlet.JspServlet.service(JspServlet.java:330)
	at javax.servlet.http.HttpServlet.service(HttpServlet.java:741)
	at org.apache.catalina.core.ApplicationFilterChain.internalDoFilter(ApplicationFilterChain.java:231)
	at org.apache.catalina.core.ApplicationFilterChain.doFilter(ApplicationFilterChain.java:166)
	at org.apache.tomcat.websocket.server.WsFilter.doFilter(WsFilter.java:53)
	at org.apache.catalina.core.ApplicationFilterChain.internalDoFilter(ApplicationFilterChain.java:193)
	at org.apache.catalina.core.ApplicationFilterChain.doFilter(ApplicationFilterChain.java:166)
	at org.apache.catalina.core.StandardWrapperValve.invoke(StandardWrapperValve.java:199)
	at org.apache.catalina.core.StandardContextValve.invoke(StandardContextValve.java:96)
	at org.apache.catalina.core.StandardHostValve.invoke(StandardHostValve.java:140)
	at org.apache.catalina.valves.ErrorReportValve.invoke(ErrorReportValve.java:81)
	at org.apache.catalina.valves.AbstractAccessLogValve.invoke(AbstractAccessLogValve.java:651)
	at org.apache.catalina.core.StandardEngineValve.invoke(StandardEngineValve.java:87)
	at org.apache.catalina.connector.CoyoteAdapter.service(CoyoteAdapter.java:342)
	at org.apache.coyote.http11.Http11Processor.service(Http11Processor.java:501)
	at org.apache.coyote.AbstractProcessorLight.process(AbstractProcessorLight.java:66)
	at org.apache.coyote.AbstractProtocol$ConnectionHandler.process(AbstractProtocol.java:754)
	at org.apache.tomcat.util.net.NioEndpoint$SocketProcessor.doRun(NioEndpoint.java:1376)
	at org.apache.tomcat.util.net.SocketProcessorBase.run(SocketProcessorBase.java:49)
	at java.util.concurrent.ThreadPoolExecutor.runWorker(ThreadPoolExecutor.java:1142)
	at java.util.concurrent.ThreadPoolExecutor$Worker.run(ThreadPoolExecutor.java:617)
	at org.apache.tomcat.util.threads.TaskThread$WrappingRunnable.run(TaskThread.java:61)
	at java.lang.Thread.run(Thread.java:745)

23-Jan-2018 13:47:52.382 INFO [main] org.apache.catalina.core.ApplicationContext.log ContextListener: contextInitialized()
23-Jan-2018 13:47:52.382 INFO [main] org.apache.catalina.core.ApplicationContext.log SessionListener: contextInitialized()
23-Jan-2018 13:48:10.420 SEVERE [http-nio-8080-exec-1] org.apache.catalina.core.StandardWrapperValve.invoke Servlet.service() for servlet [jsp] in context with path [] threw exception [Unable to compile class for JSP: 

An error occurred at line: [462] in the jsp file: [/home.jsp]
errorFloat cannot be resolved to a variable
459: 				   if(error.contains("%"))
460: 				   {
461: 				   	 errorString      = error.replace("%","");
462:                      errorFloat     = Float.parseFloat(error);
463: 				   }
464:                    else
465: 				   {


An error occurred at line: [466] in the jsp file: [/home.jsp]
errorFloat cannot be resolved to a variable
463: 				   }
464:                    else
465: 				   {
466:                      errorFloat     = Float.parseFloat(error)*100;
467: 				   }
468:                    if(errorFloat>2.0)
469:                       errorString = "<td style='color:red;font-weight:600;'>"+String.format("%.02f", errorFloat)+"</td>";


An error occurred at line: [468] in the jsp file: [/home.jsp]
errorFloat cannot be resolved to a variable
465: 				   {
466:                      errorFloat     = Float.parseFloat(error)*100;
467: 				   }
468:                    if(errorFloat>2.0)
469:                       errorString = "<td style='color:red;font-weight:600;'>"+String.format("%.02f", errorFloat)+"</td>";
470:                    else
471:                       errorString = "<td>"+String.format("%.02f", errorFloat)+"</td>";


An error occurred at line: [469] in the jsp file: [/home.jsp]
errorFloat cannot be resolved to a variable
466:                      errorFloat     = Float.parseFloat(error)*100;
467: 				   }
468:                    if(errorFloat>2.0)
469:                       errorString = "<td style='color:red;font-weight:600;'>"+String.format("%.02f", errorFloat)+"</td>";
470:                    else
471:                       errorString = "<td>"+String.format("%.02f", errorFloat)+"</td>";
472:                    String avgString;


An error occurred at line: [471] in the jsp file: [/home.jsp]
errorFloat cannot be resolved to a variable
468:                    if(errorFloat>2.0)
469:                       errorString = "<td style='color:red;font-weight:600;'>"+String.format("%.02f", errorFloat)+"</td>";
470:                    else
471:                       errorString = "<td>"+String.format("%.02f", errorFloat)+"</td>";
472:                    String avgString;
473:                    if(avg>=3.0)
474:                     avgString = "<td style='color:red;font-weight:600;'>"+String.format("%.03f", avg)+"</td>";


Stacktrace:] with root cause
 org.apache.jasper.JasperException: Unable to compile class for JSP: 

An error occurred at line: [462] in the jsp file: [/home.jsp]
errorFloat cannot be resolved to a variable
459: 				   if(error.contains("%"))
460: 				   {
461: 				   	 errorString      = error.replace("%","");
462:                      errorFloat     = Float.parseFloat(error);
463: 				   }
464:                    else
465: 				   {


An error occurred at line: [466] in the jsp file: [/home.jsp]
errorFloat cannot be resolved to a variable
463: 				   }
464:                    else
465: 				   {
466:                      errorFloat     = Float.parseFloat(error)*100;
467: 				   }
468:                    if(errorFloat>2.0)
469:                       errorString = "<td style='color:red;font-weight:600;'>"+String.format("%.02f", errorFloat)+"</td>";


An error occurred at line: [468] in the jsp file: [/home.jsp]
errorFloat cannot be resolved to a variable
465: 				   {
466:                      errorFloat     = Float.parseFloat(error)*100;
467: 				   }
468:                    if(errorFloat>2.0)
469:                       errorString = "<td style='color:red;font-weight:600;'>"+String.format("%.02f", errorFloat)+"</td>";
470:                    else
471:                       errorString = "<td>"+String.format("%.02f", errorFloat)+"</td>";


An error occurred at line: [469] in the jsp file: [/home.jsp]
errorFloat cannot be resolved to a variable
466:                      errorFloat     = Float.parseFloat(error)*100;
467: 				   }
468:                    if(errorFloat>2.0)
469:                       errorString = "<td style='color:red;font-weight:600;'>"+String.format("%.02f", errorFloat)+"</td>";
470:                    else
471:                       errorString = "<td>"+String.format("%.02f", errorFloat)+"</td>";
472:                    String avgString;


An error occurred at line: [471] in the jsp file: [/home.jsp]
errorFloat cannot be resolved to a variable
468:                    if(errorFloat>2.0)
469:                       errorString = "<td style='color:red;font-weight:600;'>"+String.format("%.02f", errorFloat)+"</td>";
470:                    else
471:                       errorString = "<td>"+String.format("%.02f", errorFloat)+"</td>";
472:                    String avgString;
473:                    if(avg>=3.0)
474:                     avgString = "<td style='color:red;font-weight:600;'>"+String.format("%.03f", avg)+"</td>";


Stacktrace:
	at org.apache.jasper.compiler.DefaultErrorHandler.javacError(DefaultErrorHandler.java:103)
	at org.apache.jasper.compiler.ErrorDispatcher.javacError(ErrorDispatcher.java:213)
	at org.apache.jasper.compiler.JDTCompiler.generateClass(JDTCompiler.java:458)
	at org.apache.jasper.compiler.Compiler.compile(Compiler.java:389)
	at org.apache.jasper.compiler.Compiler.compile(Compiler.java:361)
	at org.apache.jasper.compiler.Compiler.compile(Compiler.java:345)
	at org.apache.jasper.JspCompilationContext.compile(JspCompilationContext.java:603)
	at org.apache.jasper.servlet.JspServletWrapper.service(JspServletWrapper.java:369)
	at org.apache.jasper.servlet.JspServlet.serviceJspFile(JspServlet.java:386)
	at org.apache.jasper.servlet.JspServlet.service(JspServlet.java:330)
	at javax.servlet.http.HttpServlet.service(HttpServlet.java:741)
	at org.apache.catalina.core.ApplicationFilterChain.internalDoFilter(ApplicationFilterChain.java:231)
	at org.apache.catalina.core.ApplicationFilterChain.doFilter(ApplicationFilterChain.java:166)
	at org.apache.tomcat.websocket.server.WsFilter.doFilter(WsFilter.java:53)
	at org.apache.catalina.core.ApplicationFilterChain.internalDoFilter(ApplicationFilterChain.java:193)
	at org.apache.catalina.core.ApplicationFilterChain.doFilter(ApplicationFilterChain.java:166)
	at org.apache.catalina.core.StandardWrapperValve.invoke(StandardWrapperValve.java:199)
	at org.apache.catalina.core.StandardContextValve.invoke(StandardContextValve.java:96)
	at org.apache.catalina.core.StandardHostValve.invoke(StandardHostValve.java:140)
	at org.apache.catalina.valves.ErrorReportValve.invoke(ErrorReportValve.java:81)
	at org.apache.catalina.valves.AbstractAccessLogValve.invoke(AbstractAccessLogValve.java:651)
	at org.apache.catalina.core.StandardEngineValve.invoke(StandardEngineValve.java:87)
	at org.apache.catalina.connector.CoyoteAdapter.service(CoyoteAdapter.java:342)
	at org.apache.coyote.http11.Http11Processor.service(Http11Processor.java:501)
	at org.apache.coyote.AbstractProcessorLight.process(AbstractProcessorLight.java:66)
	at org.apache.coyote.AbstractProtocol$ConnectionHandler.process(AbstractProtocol.java:754)
	at org.apache.tomcat.util.net.NioEndpoint$SocketProcessor.doRun(NioEndpoint.java:1376)
	at org.apache.tomcat.util.net.SocketProcessorBase.run(SocketProcessorBase.java:49)
	at java.util.concurrent.ThreadPoolExecutor.runWorker(ThreadPoolExecutor.java:1142)
	at java.util.concurrent.ThreadPoolExecutor$Worker.run(ThreadPoolExecutor.java:617)
	at org.apache.tomcat.util.threads.TaskThread$WrappingRunnable.run(TaskThread.java:61)
	at java.lang.Thread.run(Thread.java:745)

23-Jan-2018 13:49:57.884 INFO [main] org.apache.catalina.core.ApplicationContext.log ContextListener: contextInitialized()
23-Jan-2018 13:49:57.885 INFO [main] org.apache.catalina.core.ApplicationContext.log SessionListener: contextInitialized()
23-Jan-2018 13:54:10.687 SEVERE [http-nio-8080-exec-5] org.apache.catalina.core.StandardWrapperValve.invoke Servlet.service() for servlet [jsp] in context with path [] threw exception [An exception occurred processing [GetComparisonTable.jsp] at line [77]

74:                                             dataInLineOverallBaseline        = lineOverallBaseline.split(",");
75:                                             overallSampleBaseline            = dataInLineOverallBaseline[1];
76:                                             overallResponseTimeBaseline      = String.format("%.03f", Float.parseFloat(dataInLineOverallBaseline[2])/1000);
77:                                             overallErrorBaseline      = String.format("%.02f", Float.parseFloat(dataInLineOverallBaseline[7])*100)+"%";
78:                                      }
79:                                      else
80:                                        continue;


Stacktrace:] with root cause
 java.lang.NumberFormatException: For input string: "0.04%"
	at sun.misc.FloatingDecimal.readJavaFormatString(FloatingDecimal.java:2043)
	at sun.misc.FloatingDecimal.parseFloat(FloatingDecimal.java:122)
	at java.lang.Float.parseFloat(Float.java:451)
	at org.apache.jsp.GetComparisonTable_jsp._jspService(GetComparisonTable_jsp.java:195)
	at org.apache.jasper.runtime.HttpJspBase.service(HttpJspBase.java:70)
	at javax.servlet.http.HttpServlet.service(HttpServlet.java:741)
	at org.apache.jasper.servlet.JspServletWrapper.service(JspServletWrapper.java:444)
	at org.apache.jasper.servlet.JspServlet.serviceJspFile(JspServlet.java:386)
	at org.apache.jasper.servlet.JspServlet.service(JspServlet.java:330)
	at javax.servlet.http.HttpServlet.service(HttpServlet.java:741)
	at org.apache.catalina.core.ApplicationFilterChain.internalDoFilter(ApplicationFilterChain.java:231)
	at org.apache.catalina.core.ApplicationFilterChain.doFilter(ApplicationFilterChain.java:166)
	at org.apache.tomcat.websocket.server.WsFilter.doFilter(WsFilter.java:53)
	at org.apache.catalina.core.ApplicationFilterChain.internalDoFilter(ApplicationFilterChain.java:193)
	at org.apache.catalina.core.ApplicationFilterChain.doFilter(ApplicationFilterChain.java:166)
	at org.apache.catalina.core.StandardWrapperValve.invoke(StandardWrapperValve.java:199)
	at org.apache.catalina.core.StandardContextValve.invoke(StandardContextValve.java:96)
	at org.apache.catalina.core.StandardHostValve.invoke(StandardHostValve.java:140)
	at org.apache.catalina.valves.ErrorReportValve.invoke(ErrorReportValve.java:81)
	at org.apache.catalina.valves.AbstractAccessLogValve.invoke(AbstractAccessLogValve.java:651)
	at org.apache.catalina.core.StandardEngineValve.invoke(StandardEngineValve.java:87)
	at org.apache.catalina.connector.CoyoteAdapter.service(CoyoteAdapter.java:342)
	at org.apache.coyote.http11.Http11Processor.service(Http11Processor.java:501)
	at org.apache.coyote.AbstractProcessorLight.process(AbstractProcessorLight.java:66)
	at org.apache.coyote.AbstractProtocol$ConnectionHandler.process(AbstractProtocol.java:754)
	at org.apache.tomcat.util.net.NioEndpoint$SocketProcessor.doRun(NioEndpoint.java:1376)
	at org.apache.tomcat.util.net.SocketProcessorBase.run(SocketProcessorBase.java:49)
	at java.util.concurrent.ThreadPoolExecutor.runWorker(ThreadPoolExecutor.java:1142)
	at java.util.concurrent.ThreadPoolExecutor$Worker.run(ThreadPoolExecutor.java:617)
	at org.apache.tomcat.util.threads.TaskThread$WrappingRunnable.run(TaskThread.java:61)
	at java.lang.Thread.run(Thread.java:745)

23-Jan-2018 13:54:11.539 SEVERE [http-nio-8080-exec-7] org.apache.catalina.core.StandardWrapperValve.invoke Servlet.service() for servlet [jsp] in context with path [] threw exception [An exception occurred processing [GetComparisonTable.jsp] at line [77]

74:                                             dataInLineOverallBaseline        = lineOverallBaseline.split(",");
75:                                             overallSampleBaseline            = dataInLineOverallBaseline[1];
76:                                             overallResponseTimeBaseline      = String.format("%.03f", Float.parseFloat(dataInLineOverallBaseline[2])/1000);
77:                                             overallErrorBaseline      = String.format("%.02f", Float.parseFloat(dataInLineOverallBaseline[7])*100)+"%";
78:                                      }
79:                                      else
80:                                        continue;


Stacktrace:] with root cause
 java.lang.NumberFormatException: For input string: "0.04%"
	at sun.misc.FloatingDecimal.readJavaFormatString(FloatingDecimal.java:2043)
	at sun.misc.FloatingDecimal.parseFloat(FloatingDecimal.java:122)
	at java.lang.Float.parseFloat(Float.java:451)
	at org.apache.jsp.GetComparisonTable_jsp._jspService(GetComparisonTable_jsp.java:195)
	at org.apache.jasper.runtime.HttpJspBase.service(HttpJspBase.java:70)
	at javax.servlet.http.HttpServlet.service(HttpServlet.java:741)
	at org.apache.jasper.servlet.JspServletWrapper.service(JspServletWrapper.java:444)
	at org.apache.jasper.servlet.JspServlet.serviceJspFile(JspServlet.java:386)
	at org.apache.jasper.servlet.JspServlet.service(JspServlet.java:330)
	at javax.servlet.http.HttpServlet.service(HttpServlet.java:741)
	at org.apache.catalina.core.ApplicationFilterChain.internalDoFilter(ApplicationFilterChain.java:231)
	at org.apache.catalina.core.ApplicationFilterChain.doFilter(ApplicationFilterChain.java:166)
	at org.apache.tomcat.websocket.server.WsFilter.doFilter(WsFilter.java:53)
	at org.apache.catalina.core.ApplicationFilterChain.internalDoFilter(ApplicationFilterChain.java:193)
	at org.apache.catalina.core.ApplicationFilterChain.doFilter(ApplicationFilterChain.java:166)
	at org.apache.catalina.core.StandardWrapperValve.invoke(StandardWrapperValve.java:199)
	at org.apache.catalina.core.StandardContextValve.invoke(StandardContextValve.java:96)
	at org.apache.catalina.core.StandardHostValve.invoke(StandardHostValve.java:140)
	at org.apache.catalina.valves.ErrorReportValve.invoke(ErrorReportValve.java:81)
	at org.apache.catalina.valves.AbstractAccessLogValve.invoke(AbstractAccessLogValve.java:651)
	at org.apache.catalina.core.StandardEngineValve.invoke(StandardEngineValve.java:87)
	at org.apache.catalina.connector.CoyoteAdapter.service(CoyoteAdapter.java:342)
	at org.apache.coyote.http11.Http11Processor.service(Http11Processor.java:501)
	at org.apache.coyote.AbstractProcessorLight.process(AbstractProcessorLight.java:66)
	at org.apache.coyote.AbstractProtocol$ConnectionHandler.process(AbstractProtocol.java:754)
	at org.apache.tomcat.util.net.NioEndpoint$SocketProcessor.doRun(NioEndpoint.java:1376)
	at org.apache.tomcat.util.net.SocketProcessorBase.run(SocketProcessorBase.java:49)
	at java.util.concurrent.ThreadPoolExecutor.runWorker(ThreadPoolExecutor.java:1142)
	at java.util.concurrent.ThreadPoolExecutor$Worker.run(ThreadPoolExecutor.java:617)
	at org.apache.tomcat.util.threads.TaskThread$WrappingRunnable.run(TaskThread.java:61)
	at java.lang.Thread.run(Thread.java:745)

23-Jan-2018 13:56:55.279 INFO [main] org.apache.catalina.core.ApplicationContext.log ContextListener: contextInitialized()
23-Jan-2018 13:56:55.279 INFO [main] org.apache.catalina.core.ApplicationContext.log SessionListener: contextInitialized()
23-Jan-2018 13:58:11.474 SEVERE [http-nio-8080-exec-2] org.apache.catalina.core.StandardWrapperValve.invoke Servlet.service() for servlet [jsp] in context with path [] threw exception [An exception occurred processing [GetComparisonTable.jsp] at line [77]

74:                                             dataInLineOverallBaseline        = lineOverallBaseline.split(",");
75:                                             overallSampleBaseline            = dataInLineOverallBaseline[1];
76:                                             overallResponseTimeBaseline      = String.format("%.03f", Float.parseFloat(dataInLineOverallBaseline[2])/1000);
77:                                             overallErrorBaseline      = String.format("%.02f", Float.parseFloat(dataInLineOverallBaseline[7])*100)+"%";
78:                                      }
79:                                      else
80:                                        continue;


Stacktrace:] with root cause
 java.lang.NumberFormatException: For input string: "0.04%"
	at sun.misc.FloatingDecimal.readJavaFormatString(FloatingDecimal.java:2043)
	at sun.misc.FloatingDecimal.parseFloat(FloatingDecimal.java:122)
	at java.lang.Float.parseFloat(Float.java:451)
	at org.apache.jsp.GetComparisonTable_jsp._jspService(GetComparisonTable_jsp.java:195)
	at org.apache.jasper.runtime.HttpJspBase.service(HttpJspBase.java:70)
	at javax.servlet.http.HttpServlet.service(HttpServlet.java:741)
	at org.apache.jasper.servlet.JspServletWrapper.service(JspServletWrapper.java:444)
	at org.apache.jasper.servlet.JspServlet.serviceJspFile(JspServlet.java:386)
	at org.apache.jasper.servlet.JspServlet.service(JspServlet.java:330)
	at javax.servlet.http.HttpServlet.service(HttpServlet.java:741)
	at org.apache.catalina.core.ApplicationFilterChain.internalDoFilter(ApplicationFilterChain.java:231)
	at org.apache.catalina.core.ApplicationFilterChain.doFilter(ApplicationFilterChain.java:166)
	at org.apache.tomcat.websocket.server.WsFilter.doFilter(WsFilter.java:53)
	at org.apache.catalina.core.ApplicationFilterChain.internalDoFilter(ApplicationFilterChain.java:193)
	at org.apache.catalina.core.ApplicationFilterChain.doFilter(ApplicationFilterChain.java:166)
	at org.apache.catalina.core.StandardWrapperValve.invoke(StandardWrapperValve.java:199)
	at org.apache.catalina.core.StandardContextValve.invoke(StandardContextValve.java:96)
	at org.apache.catalina.core.StandardHostValve.invoke(StandardHostValve.java:140)
	at org.apache.catalina.valves.ErrorReportValve.invoke(ErrorReportValve.java:81)
	at org.apache.catalina.valves.AbstractAccessLogValve.invoke(AbstractAccessLogValve.java:651)
	at org.apache.catalina.core.StandardEngineValve.invoke(StandardEngineValve.java:87)
	at org.apache.catalina.connector.CoyoteAdapter.service(CoyoteAdapter.java:342)
	at org.apache.coyote.http11.Http11Processor.service(Http11Processor.java:501)
	at org.apache.coyote.AbstractProcessorLight.process(AbstractProcessorLight.java:66)
	at org.apache.coyote.AbstractProtocol$ConnectionHandler.process(AbstractProtocol.java:754)
	at org.apache.tomcat.util.net.NioEndpoint$SocketProcessor.doRun(NioEndpoint.java:1376)
	at org.apache.tomcat.util.net.SocketProcessorBase.run(SocketProcessorBase.java:49)
	at java.util.concurrent.ThreadPoolExecutor.runWorker(ThreadPoolExecutor.java:1142)
	at java.util.concurrent.ThreadPoolExecutor$Worker.run(ThreadPoolExecutor.java:617)
	at org.apache.tomcat.util.threads.TaskThread$WrappingRunnable.run(TaskThread.java:61)
	at java.lang.Thread.run(Thread.java:745)

23-Jan-2018 13:58:17.148 SEVERE [http-nio-8080-exec-3] org.apache.catalina.core.StandardWrapperValve.invoke Servlet.service() for servlet [jsp] in context with path [] threw exception [An exception occurred processing [GetComparisonTable.jsp] at line [77]

74:                                             dataInLineOverallBaseline        = lineOverallBaseline.split(",");
75:                                             overallSampleBaseline            = dataInLineOverallBaseline[1];
76:                                             overallResponseTimeBaseline      = String.format("%.03f", Float.parseFloat(dataInLineOverallBaseline[2])/1000);
77:                                             overallErrorBaseline      = String.format("%.02f", Float.parseFloat(dataInLineOverallBaseline[7])*100)+"%";
78:                                      }
79:                                      else
80:                                        continue;


Stacktrace:] with root cause
 java.lang.NumberFormatException: For input string: "0.04%"
	at sun.misc.FloatingDecimal.readJavaFormatString(FloatingDecimal.java:2043)
	at sun.misc.FloatingDecimal.parseFloat(FloatingDecimal.java:122)
	at java.lang.Float.parseFloat(Float.java:451)
	at org.apache.jsp.GetComparisonTable_jsp._jspService(GetComparisonTable_jsp.java:195)
	at org.apache.jasper.runtime.HttpJspBase.service(HttpJspBase.java:70)
	at javax.servlet.http.HttpServlet.service(HttpServlet.java:741)
	at org.apache.jasper.servlet.JspServletWrapper.service(JspServletWrapper.java:444)
	at org.apache.jasper.servlet.JspServlet.serviceJspFile(JspServlet.java:386)
	at org.apache.jasper.servlet.JspServlet.service(JspServlet.java:330)
	at javax.servlet.http.HttpServlet.service(HttpServlet.java:741)
	at org.apache.catalina.core.ApplicationFilterChain.internalDoFilter(ApplicationFilterChain.java:231)
	at org.apache.catalina.core.ApplicationFilterChain.doFilter(ApplicationFilterChain.java:166)
	at org.apache.tomcat.websocket.server.WsFilter.doFilter(WsFilter.java:53)
	at org.apache.catalina.core.ApplicationFilterChain.internalDoFilter(ApplicationFilterChain.java:193)
	at org.apache.catalina.core.ApplicationFilterChain.doFilter(ApplicationFilterChain.java:166)
	at org.apache.catalina.core.StandardWrapperValve.invoke(StandardWrapperValve.java:199)
	at org.apache.catalina.core.StandardContextValve.invoke(StandardContextValve.java:96)
	at org.apache.catalina.core.StandardHostValve.invoke(StandardHostValve.java:140)
	at org.apache.catalina.valves.ErrorReportValve.invoke(ErrorReportValve.java:81)
	at org.apache.catalina.valves.AbstractAccessLogValve.invoke(AbstractAccessLogValve.java:651)
	at org.apache.catalina.core.StandardEngineValve.invoke(StandardEngineValve.java:87)
	at org.apache.catalina.connector.CoyoteAdapter.service(CoyoteAdapter.java:342)
	at org.apache.coyote.http11.Http11Processor.service(Http11Processor.java:501)
	at org.apache.coyote.AbstractProcessorLight.process(AbstractProcessorLight.java:66)
	at org.apache.coyote.AbstractProtocol$ConnectionHandler.process(AbstractProtocol.java:754)
	at org.apache.tomcat.util.net.NioEndpoint$SocketProcessor.doRun(NioEndpoint.java:1376)
	at org.apache.tomcat.util.net.SocketProcessorBase.run(SocketProcessorBase.java:49)
	at java.util.concurrent.ThreadPoolExecutor.runWorker(ThreadPoolExecutor.java:1142)
	at java.util.concurrent.ThreadPoolExecutor$Worker.run(ThreadPoolExecutor.java:617)
	at org.apache.tomcat.util.threads.TaskThread$WrappingRunnable.run(TaskThread.java:61)
	at java.lang.Thread.run(Thread.java:745)

23-Jan-2018 17:54:09.975 INFO [main] org.apache.catalina.core.ApplicationContext.log ContextListener: contextInitialized()
23-Jan-2018 17:54:09.976 INFO [main] org.apache.catalina.core.ApplicationContext.log SessionListener: contextInitialized()
